DEBUG    |2023-08-23 19:09:46,328| msg: Старт банкомата
DEBUG    |2023-08-23 19:10:03,298| msg: Метод для внесения денег
DEBUG    |2023-08-23 19:10:03,298| msg: Проверка деления на 50
ERROR    |2023-08-23 19:10:03,298| msg: Ошибка внесения: неверная сумма 123.0!
DEBUG    |2023-08-23 19:10:03,298| msg: Метод начисления процентов за каждую третью операцию в банкомате
DEBUG    |2023-08-23 19:10:03,298| msg: Старт банкомата
DEBUG    |2023-08-23 19:10:05,226| msg: Метод для снятия денег
DEBUG    |2023-08-23 19:10:05,226| msg: Проверка деления на 50
ERROR    |2023-08-23 19:10:05,226| msg: Ошибка снятия денег: неверная сумма 123.0!
DEBUG    |2023-08-23 19:10:05,226| msg: Метод начисления процентов за каждую третью операцию в банкомате
DEBUG    |2023-08-23 19:10:05,226| msg: Старт банкомата
DEBUG    |2023-08-23 19:10:11,130| msg: Метод загрузки состояния из JSON 
INFO     |2023-08-23 19:10:11,131| msg: Файл save.json загружен из данной директории...баланс, история операций и счетчик обновлены !
DEBUG    |2023-08-23 19:10:11,131| msg: Метод начисления процентов за каждую третью операцию в банкомате
DEBUG    |2023-08-23 19:10:11,131| msg: Старт банкомата
DEBUG    |2023-08-23 19:10:19,346| msg: Метод для снятия денег
DEBUG    |2023-08-23 19:10:19,346| msg: Проверка деления на 50
ERROR    |2023-08-23 19:10:19,347| msg: Ошибка снятия денег: запрос 500.0 у.е, недостаточно средств!
DEBUG    |2023-08-23 19:10:19,347| msg: Метод начисления процентов за каждую третью операцию в банкомате
DEBUG    |2023-08-23 19:10:19,347| msg: Старт банкомата
