DEBUG:Основной файл проекта: Очень подробная отладочная информация. Заменяем множество "принтов"
INFO:Основной файл проекта:Немного информации о работе кода
WARNING:Основной файл проекта:Внимание! Надвигается буря!
ERROR:Основной файл проекта:Поймали ошибку. Дальше только неизвестность
CRITICAL:Основной файл проекта:На этом всё
DEBUG:Основной файл проекта: Очень подробная отладочная информация. Заменяем множество "принтов"
INFO:Основной файл проекта:Немного информации о работе кода
WARNING:Основной файл проекта:Внимание! Надвигается буря!
ERROR:Основной файл проекта:Поймали ошибку. Дальше только неизвестность
CRITICAL:Основной файл проекта:На этом всё
DEBUG:Основной файл проекта: Очень подробная отладочная информация. Заменяем множество "принтов"
INFO:Основной файл проекта:Немного информации о работе кода
WARNING:Основной файл проекта:Внимание! Надвигается буря!
ERROR:Основной файл проекта:Поймали ошибку. Дальше только неизвестность
CRITICAL:Основной файл проекта:На этом всё
DEBUG:Основной файл проекта: Очень подробная отладочная информация. Заменяем множество "принтов"
INFO:Основной файл проекта:Немного информации о работе кода
WARNING:Основной файл проекта:Внимание! Надвигается буря!
ERROR:Основной файл проекта:Поймали ошибку. Дальше только неизвестность
CRITICAL:Основной файл проекта:На этом всё
